09/11/2020 02:53:24 Task ddi
09/11/2020 02:53:24 dl/User_input/prepro_result/bert_base_uncased/ddi_test.json
09/11/2020 02:56:52 Task ddi
09/11/2020 02:56:52 dl/User_input/prepro_result/bert_base_uncased/ddi_test.json
09/11/2020 02:57:41 Task ddi
09/11/2020 02:57:41 dl/User_input/prepro_result/bert_base_uncased/ddi_test.json
09/11/2020 02:58:15 Task ddi
09/11/2020 02:58:15 dl/User_input/prepro_result/bert_base_uncased/ddi_test.json
09/11/2020 03:01:34 Task ddi
09/11/2020 03:01:34 dl/User_input/prepro_result/bert_base_uncased/ddi_test.json
09/11/2020 03:02:19 Task ddi
09/11/2020 03:02:19 dl/User_input/prepro_result/bert_base_uncased/ddi_test.json
09/11/2020 03:02:46 Task ddi
09/11/2020 03:02:46 dl/User_input/prepro_result/bert_base_uncased/ddi_test.json
09/11/2020 03:20:37 Task ddi
09/11/2020 03:20:37 dl/User_input/prepro_result/bert_base_uncased/ddi_test.json
09/11/2020 03:39:00 Task ddi
09/11/2020 03:39:00 dl/User_input/prepro_result/bert_base_uncased/ddi_test.json
09/11/2020 03:40:06 Task ddi
09/11/2020 03:40:06 dl/User_input/prepro_result/bert_base_uncased/ddi_test.json
09/11/2020 03:41:05 Task ddi
09/11/2020 03:41:05 dl/User_input/prepro_result/bert_base_uncased/ddi_test.json
09/11/2020 03:42:22 Task ddi
09/11/2020 03:42:22 dl/User_input/prepro_result/bert_base_uncased/ddi_test.json
09/11/2020 03:43:37 Task ddi
09/11/2020 03:43:37 dl/User_input/prepro_result/bert_base_uncased/ddi_test.json
09/11/2020 03:52:33 Task ddi
09/11/2020 03:52:33 dl/User_input/prepro_result/bert_base_uncased/ddi_test.json
09/14/2020 02:15:46 Task ddi
09/14/2020 02:15:46 dl/User_input/prepro_result/bert_base_uncased/ddi_test.json
09/14/2020 02:19:56 Task ddi
09/14/2020 02:19:56 dl/User_input/prepro_result/bert_base_uncased/ddi_test.json
09/14/2020 02:38:37 Task ddi
09/14/2020 02:38:37 dl/User_input/prepro_result/bert_base_uncased/ddi_test.json
09/14/2020 02:50:41 Task ddi
09/14/2020 02:50:41 dl/User_input/prepro_result/bert_base_uncased/ddi_test.json
09/14/2020 02:52:10 Task ddi
09/14/2020 02:52:10 dl/User_input/prepro_result/bert_base_uncased/ddi_test.json
09/14/2020 03:05:05 Task ddi
09/14/2020 03:05:05 dl/User_input/prepro_result/bert_base_uncased/ddi_test.json
09/14/2020 03:07:09 Task ddi
09/14/2020 03:07:09 dl/User_input/prepro_result/bert_base_uncased/ddi_test.json
09/14/2020 03:08:44 Task ddi
09/14/2020 03:08:44 dl/User_input/prepro_result/bert_base_uncased/ddi_test.json
09/14/2020 03:52:48 Task ddi
09/14/2020 03:52:48 dl/User_input/prepro_result/bert_base_uncased/ddi_test.json
09/14/2020 03:56:27 Task ddi
09/14/2020 03:56:27 dl/User_input/prepro_result/bert_base_uncased/ddi_test.json
09/14/2020 03:56:48 Task ddi
09/14/2020 03:56:48 dl/User_input/prepro_result/bert_base_uncased/ddi_test.json
09/14/2020 04:16:32 Task ddi
09/14/2020 04:16:32 dl/User_input/prepro_result/bert_base_uncased/ddi_test.json
09/14/2020 04:29:59 Task ddi
09/14/2020 04:29:59 dl/User_input/prepro_result/bert_base_uncased/ddi_test.json
09/14/2020 04:52:57 Task ddi
09/14/2020 04:52:57 dl/User_input/prepro_result/bert_base_uncased/ddi_test.json
09/14/2020 04:54:25 Task ddi
09/14/2020 04:54:25 dl/User_input/prepro_result/bert_base_uncased/ddi_test.json
09/14/2020 04:56:07 Task ddi
09/14/2020 04:56:07 dl/User_input/prepro_result/bert_base_uncased/ddi_test.json
09/14/2020 04:59:15 Task ddi
09/14/2020 04:59:15 dl/User_input/prepro_result/bert_base_uncased/ddi_test.json
09/14/2020 05:00:53 Task ddi
09/14/2020 05:00:53 dl/User_input/prepro_result/bert_base_uncased/ddi_test.json
09/14/2020 05:03:43 Task ddi
09/14/2020 05:03:43 dl/User_input/prepro_result/bert_base_uncased/ddi_test.json
09/14/2020 05:05:27 Task ddi
09/14/2020 05:05:27 dl/User_input/prepro_result/bert_base_uncased/ddi_test.json
09/14/2020 05:06:05 Task ddi
09/14/2020 05:06:05 dl/User_input/prepro_result/bert_base_uncased/ddi_test.json
09/15/2020 09:52:34 Task ddi
09/15/2020 09:52:34 dl/User_input/prepro_result/bert_base_uncased/ddi_test.json
09/15/2020 10:04:06 Task ddi
09/15/2020 10:04:06 dl/User_input/prepro_result/bert_base_uncased/ddi_test.json
09/15/2020 10:06:25 Task ddi
09/15/2020 10:06:25 dl/User_input/prepro_result/bert_base_uncased/ddi_test.json
09/15/2020 10:08:57 Task ddi
09/15/2020 10:08:57 dl/User_input/prepro_result/bert_base_uncased/ddi_test.json
09/15/2020 10:10:02 Task ddi
09/15/2020 10:10:02 dl/User_input/prepro_result/bert_base_uncased/ddi_test.json
09/15/2020 10:13:33 Task ddi
09/15/2020 10:13:33 dl/User_input/prepro_result/bert_base_uncased/ddi_test.json
09/15/2020 10:14:39 Task ddi
09/15/2020 10:14:39 dl/User_input/prepro_result/bert_base_uncased/ddi_test.json
09/15/2020 10:15:49 Task ddi
09/15/2020 10:15:49 dl/User_input/prepro_result/bert_base_uncased/ddi_test.json
09/15/2020 10:22:18 Task ddi
09/15/2020 10:22:18 dl/User_input/prepro_result/bert_base_uncased/ddi_test.json
09/15/2020 10:25:30 Task ddi
09/15/2020 10:25:30 dl/User_input/prepro_result/bert_base_uncased/ddi_test.json
09/15/2020 10:30:31 Task ddi
09/15/2020 10:30:31 dl/User_input/prepro_result/bert_base_uncased/ddi_test.json
09/15/2020 10:33:16 Task ddi
09/15/2020 10:33:16 dl/User_input/prepro_result/bert_base_uncased/ddi_test.json
09/15/2020 10:37:24 Task ddi
09/15/2020 10:37:24 dl/User_input/prepro_result/bert_base_uncased/ddi_test.json
09/15/2020 10:39:11 Task ddi
09/15/2020 10:39:11 dl/User_input/prepro_result/bert_base_uncased/ddi_test.json
09/15/2020 10:41:26 Task ddi
09/15/2020 10:41:26 dl/User_input/prepro_result/bert_base_uncased/ddi_test.json
09/15/2020 10:43:11 Task ddi
09/15/2020 10:43:11 dl/User_input/prepro_result/bert_base_uncased/ddi_test.json
09/15/2020 10:44:19 Task ddi
09/15/2020 10:44:19 dl/User_input/prepro_result/bert_base_uncased/ddi_test.json
09/15/2020 10:48:22 Task ddi
09/15/2020 10:48:22 dl/User_input/prepro_result/bert_base_uncased/ddi_test.json
09/15/2020 10:49:41 Task ddi
09/15/2020 10:49:41 dl/User_input/prepro_result/bert_base_uncased/ddi_test.json
09/15/2020 10:57:55 Task ddi
09/15/2020 10:57:55 dl/User_input/prepro_result/bert_base_uncased/ddi_test.json
09/15/2020 12:04:32 Task ddi
09/15/2020 12:04:32 dl/User_input/prepro_result/bert_base_uncased/ddi_test.json
09/15/2020 12:08:25 Task ddi
09/15/2020 12:08:25 dl/User_input/prepro_result/bert_base_uncased/ddi_test.json
09/15/2020 12:08:29 Task ddi
09/15/2020 12:08:29 dl/User_input/prepro_result/bert_base_uncased/ddi_test.json
09/15/2020 12:09:25 Task ddi
09/15/2020 12:09:25 dl/User_input/prepro_result/bert_base_uncased/ddi_test.json
09/15/2020 12:14:37 Task ddi
09/15/2020 12:14:37 dl/User_input/prepro_result/bert_base_uncased/ddi_test.json
09/15/2020 12:16:35 Task ddi
09/15/2020 12:16:35 dl/User_input/prepro_result/bert_base_uncased/ddi_test.json
09/15/2020 12:18:15 Task ddi
09/15/2020 12:18:15 dl/User_input/prepro_result/bert_base_uncased/ddi_test.json
09/15/2020 12:19:22 Task ddi
09/15/2020 12:19:22 dl/User_input/prepro_result/bert_base_uncased/ddi_test.json
09/15/2020 12:20:07 Task ddi
09/15/2020 12:20:07 dl/User_input/prepro_result/bert_base_uncased/ddi_test.json
09/15/2020 12:20:23 Task ddi
09/15/2020 12:20:23 dl/User_input/prepro_result/bert_base_uncased/ddi_test.json
09/15/2020 01:30:01 Task ddi
09/15/2020 01:30:01 dl/User_input/prepro_result/bert_base_uncased/ddi_test.json
09/15/2020 01:34:47 Task ddi
09/15/2020 01:34:47 dl/User_input/prepro_result/bert_base_uncased/ddi_test.json
09/15/2020 01:38:50 Task ddi
09/15/2020 01:38:50 dl/User_input/prepro_result/bert_base_uncased/ddi_test.json
09/15/2020 01:39:59 Task ddi
09/15/2020 01:39:59 dl/User_input/prepro_result/bert_base_uncased/ddi_test.json
09/15/2020 01:42:20 Task ddi
09/15/2020 01:42:20 dl/User_input/prepro_result/bert_base_uncased/ddi_test.json
09/15/2020 01:47:35 Task ddi
09/15/2020 01:47:35 dl/User_input/prepro_result/bert_base_uncased/ddi_test.json
09/15/2020 01:48:30 Task ddi
09/15/2020 01:48:30 dl/User_input/prepro_result/bert_base_uncased/ddi_test.json
09/15/2020 01:48:34 Task ddi
09/15/2020 01:48:34 dl/User_input/prepro_result/bert_base_uncased/ddi_test.json
09/15/2020 01:49:14 Task ddi
09/15/2020 01:49:14 dl/User_input/prepro_result/bert_base_uncased/ddi_test.json
09/15/2020 02:03:50 Task ddi
09/15/2020 02:03:50 dl/User_input/prepro_result/bert_base_uncased/ddi_test.json
09/16/2020 12:42:25 Task ddi
09/16/2020 12:42:25 dl/User_input/prepro_result/bert_base_uncased/ddi_test.json
09/16/2020 12:45:08 Task ddi
09/16/2020 12:45:08 dl/User_input/prepro_result/bert_base_uncased/ddi_test.json
09/16/2020 12:45:47 Task ddi
09/16/2020 12:45:47 dl/User_input/prepro_result/bert_base_uncased/ddi_test.json
09/16/2020 12:46:40 Task ddi
09/16/2020 12:46:40 dl/User_input/prepro_result/bert_base_uncased/ddi_test.json
09/16/2020 12:49:35 Task ddi
09/16/2020 12:49:35 dl/User_input/prepro_result/bert_base_uncased/ddi_test.json
09/16/2020 12:51:39 Task ddi
09/16/2020 12:51:39 dl/User_input/prepro_result/bert_base_uncased/ddi_test.json
09/16/2020 12:52:51 Task ddi
09/16/2020 12:52:51 dl/User_input/prepro_result/bert_base_uncased/ddi_test.json
09/16/2020 01:00:45 Task ddi
09/16/2020 01:00:45 dl/User_input/prepro_result/bert_base_uncased/ddi_test.json
09/16/2020 01:00:55 Task ddi
09/16/2020 01:00:55 dl/User_input/prepro_result/bert_base_uncased/ddi_test.json
09/16/2020 01:05:34 Task ddi
09/16/2020 01:05:34 dl/User_input/prepro_result/bert_base_uncased/ddi_test.json
09/16/2020 01:08:44 Task ddi
09/16/2020 01:08:44 dl/User_input/prepro_result/bert_base_uncased/ddi_test.json
09/16/2020 01:09:57 Task ddi
09/16/2020 01:09:57 dl/User_input/prepro_result/bert_base_uncased/ddi_test.json
09/16/2020 01:34:33 Task ddi
09/16/2020 01:34:33 dl/User_input/prepro_result/bert_base_uncased/ddi_test.json
09/17/2020 11:52:21 Task ddi
09/17/2020 11:52:21 dl/User_input/prepro_result/bert_base_uncased/ddi_test.json
09/17/2020 03:31:41 Task gad1
09/17/2020 03:31:41 File %s doesnot exit
09/17/2020 03:33:34 Task gad
09/17/2020 03:33:34 dl/User_input/prepro_result/bert_base_uncased/gad_test.json
09/17/2020 03:33:34 Task gad2
09/17/2020 03:33:34 File %s doesnot exit
09/17/2020 03:33:52 Task gad
09/17/2020 03:33:52 dl/User_input/prepro_result/bert_base_uncased/gad_test.json
09/17/2020 03:34:12 Task gad
09/17/2020 03:34:12 dl/User_input/prepro_result/bert_base_uncased/gad_test.json
09/17/2020 03:34:39 Task gad
09/17/2020 03:34:39 dl/User_input/prepro_result/bert_base_uncased/gad_test.json
09/17/2020 03:39:16 Task gad
09/17/2020 03:39:16 dl/User_input/prepro_result/bert_base_uncased/gad_test.json
09/17/2020 03:40:29 Task gad
09/17/2020 03:40:29 dl/User_input/prepro_result/bert_base_uncased/gad_test.json
09/17/2020 03:41:53 Task gad
09/17/2020 03:41:53 dl/User_input/prepro_result/bert_base_uncased/gad_test.json
09/17/2020 03:42:19 Task gad
09/17/2020 03:42:19 dl/User_input/prepro_result/bert_base_uncased/gad_test.json
09/17/2020 03:42:59 Task gad
09/17/2020 03:42:59 dl/User_input/prepro_result/bert_base_uncased/gad_test.json
09/17/2020 03:49:01 Task gad
09/17/2020 03:49:01 dl/User_input/prepro_result/bert_base_uncased/gad_test.json
09/17/2020 03:50:15 Task gad
09/17/2020 03:50:15 dl/User_input/prepro_result/bert_base_uncased/gad_test.json
09/17/2020 03:53:14 Task gad
09/17/2020 03:53:14 dl/User_input/prepro_result/bert_base_uncased/gad_test.json
09/17/2020 03:54:12 Task gad
09/17/2020 03:54:12 dl/User_input/prepro_result/bert_base_uncased/gad_test.json
09/17/2020 03:55:43 Task gad
09/17/2020 03:55:43 dl/User_input/prepro_result/bert_base_uncased/gad_test.json
09/17/2020 03:56:54 Task gad
09/17/2020 03:56:54 dl/User_input/prepro_result/bert_base_uncased/gad_test.json
09/17/2020 04:02:05 Task gad
09/17/2020 04:02:05 dl/User_input/prepro_result/bert_base_uncased/gad_test.json
09/17/2020 04:05:05 Task gad
09/17/2020 04:05:05 dl/User_input/prepro_result/bert_base_uncased/gad_test.json
09/17/2020 04:05:50 Task gad
09/17/2020 04:05:50 dl/User_input/prepro_result/bert_base_uncased/gad_test.json
09/17/2020 04:20:34 Task gad
09/17/2020 04:20:34 dl/User_input/prepro_result/bert_base_uncased/gad_test.json
09/17/2020 04:23:28 Task gad
09/17/2020 04:23:28 dl/User_input/prepro_result/bert_base_uncased/gad_test.json
09/17/2020 04:24:05 Task gad
09/17/2020 04:24:05 dl/User_input/prepro_result/bert_base_uncased/gad_test.json
09/17/2020 04:28:39 Task gad
09/17/2020 04:28:59 Task gad
09/17/2020 04:28:59 dl/User_input/prepro_result/bert_base_uncased/gad_test.json
09/17/2020 04:43:17 Task gad
09/17/2020 04:43:17 dl/User_input/prepro_result/bert_base_uncased/gad_test.json
09/17/2020 04:55:09 Task gad
09/17/2020 04:55:09 dl/User_input/prepro_result/bert_base_uncased/gad_test.json
09/18/2020 08:55:53 Task gad
09/18/2020 08:55:53 dl/User_input/prepro_result/bert_base_uncased/gad_test.json
09/18/2020 08:56:56 Task gad
09/18/2020 08:56:56 dl/User_input/prepro_result/bert_base_uncased/gad_test.json
09/18/2020 08:58:19 Task ddi
09/18/2020 08:58:19 dl/User_input/prepro_result/bert_base_uncased/ddi_test.json
09/18/2020 08:59:48 Task ddi
09/18/2020 08:59:48 dl/User_input/prepro_result/bert_base_uncased/ddi_test.json
09/18/2020 09:09:59 Task gad
09/18/2020 09:09:59 dl/User_input/prepro_result/bert_base_uncased/gad_test.json
09/18/2020 09:12:29 Task chemprotnew
09/18/2020 09:12:29 File %s doesnot exit
09/18/2020 09:13:14 Task chemprotnew
09/18/2020 09:13:14 File %s doesnot exit
09/18/2020 09:14:09 Task chemprotnew
09/18/2020 09:14:09 File %s doesnot exit
09/18/2020 09:15:03 Task chemprotnew
09/18/2020 09:15:03 File %s doesnot exit
09/18/2020 09:17:29 Task chemprotnew
09/18/2020 09:17:29 File %s doesnot exit
09/18/2020 09:18:12 Task chemprotnew
09/18/2020 09:18:12 File %s doesnot exit
09/18/2020 09:19:47 Task chemprotnew
09/18/2020 09:19:47 File %s doesnot exit
09/18/2020 09:20:20 Task chemprotnew
09/18/2020 09:20:20 dl/User_input/prepro_result/bert_base_uncased/chemprotnew_test.json
09/18/2020 09:21:06 Task chemprotnew
09/18/2020 09:21:06 dl/User_input/prepro_result/bert_base_uncased/chemprotnew_test.json
09/18/2020 09:30:41 Task ddi
09/18/2020 09:30:41 dl/User_input/prepro_result/bert_base_uncased/ddi_test.json
09/18/2020 09:31:36 Task ddi
09/18/2020 09:31:36 dl/User_input/prepro_result/bert_base_uncased/ddi_test.json
09/18/2020 09:32:38 Task ddi
09/18/2020 09:32:38 dl/User_input/prepro_result/bert_base_uncased/ddi_test.json
09/18/2020 11:04:59 Task chemprotnew
09/18/2020 11:04:59 dl/User_input/prepro_result/bert_base_uncased/chemprotnew_test.json
09/18/2020 11:05:53 Task chemprotnew
09/18/2020 11:05:53 dl/User_input/prepro_result/bert_base_uncased/chemprotnew_test.json
09/18/2020 11:07:03 Task chemprotnew
09/18/2020 11:07:03 dl/User_input/prepro_result/bert_base_uncased/chemprotnew_test.json
09/18/2020 11:42:45 Task chemprotnew
09/18/2020 11:42:45 dl/User_input/prepro_result/bert_base_uncased/chemprotnew_test.json
09/18/2020 11:44:52 Task chemprotnew
09/18/2020 11:44:52 dl/User_input/prepro_result/bert_base_uncased/chemprotnew_test.json
09/18/2020 11:46:25 Task chemprotnew
09/18/2020 11:46:25 dl/User_input/prepro_result/bert_base_uncased/chemprotnew_test.json
09/18/2020 11:48:49 Task chemprotnew
09/18/2020 11:48:49 dl/User_input/prepro_result/bert_base_uncased/chemprotnew_test.json
09/18/2020 11:49:06 Task chemprotnew
09/18/2020 11:49:06 dl/User_input/prepro_result/bert_base_uncased/chemprotnew_test.json
09/18/2020 11:49:19 Task chemprotnew
09/18/2020 11:49:19 dl/User_input/prepro_result/bert_base_uncased/chemprotnew_test.json
09/18/2020 11:50:44 Task gad
09/18/2020 11:50:44 dl/User_input/prepro_result/bert_base_uncased/gad_test.json
09/18/2020 11:52:01 Task ddi
09/18/2020 11:52:01 dl/User_input/prepro_result/bert_base_uncased/ddi_test.json
09/18/2020 11:56:35 Task chemprotnew
09/18/2020 11:56:35 dl/User_input/prepro_result/bert_base_uncased/chemprotnew_test.json
09/18/2020 11:57:17 Task ddi
09/18/2020 11:57:17 dl/User_input/prepro_result/bert_base_uncased/ddi_test.json
09/18/2020 11:58:03 Task gad
09/18/2020 11:58:03 dl/User_input/prepro_result/bert_base_uncased/gad_test.json
09/18/2020 12:05:57 Task chemprotnew
09/18/2020 12:05:57 dl/User_input/prepro_result/bert_base_uncased/chemprotnew_test.json
09/18/2020 12:09:44 Task chemprotnew
09/18/2020 12:09:44 dl/User_input/prepro_result/bert_base_uncased/chemprotnew_test.json
09/18/2020 12:15:11 Task chemprotnew
09/18/2020 12:15:11 dl/User_input/prepro_result/bert_base_uncased/chemprotnew_test.json
09/18/2020 12:19:31 Task chemprotnew
09/18/2020 12:19:31 dl/User_input/prepro_result/bert_base_uncased/chemprotnew_test.json
09/18/2020 12:20:54 Task chemprotnew
09/18/2020 12:20:54 dl/User_input/prepro_result/bert_base_uncased/chemprotnew_test.json
09/18/2020 12:51:04 Task chemprotnew
09/18/2020 12:51:04 dl/User_input/prepro_result/bert_base_uncased/chemprotnew_test.json
09/18/2020 01:08:17 Task ddi
09/18/2020 01:08:17 dl/User_input/prepro_result/bert_base_uncased/ddi_test.json
09/18/2020 01:11:09 Task gad
09/18/2020 01:11:09 dl/User_input/prepro_result/bert_base_uncased/gad_test.json
09/18/2020 01:12:17 Task gad
09/18/2020 01:12:17 dl/User_input/prepro_result/bert_base_uncased/gad_test.json
09/18/2020 01:14:14 Task ddi
09/18/2020 01:14:14 dl/User_input/prepro_result/bert_base_uncased/ddi_test.json
09/18/2020 01:15:14 Task gad
09/18/2020 01:15:14 dl/User_input/prepro_result/bert_base_uncased/gad_test.json
09/18/2020 01:15:48 Task ddi
09/18/2020 01:15:48 dl/User_input/prepro_result/bert_base_uncased/ddi_test.json
09/18/2020 01:25:53 Task chemprotnew
09/18/2020 01:25:53 dl/User_input/prepro_result/bert_base_uncased/chemprotnew_test.json
09/18/2020 01:33:20 Task chemprotnew
09/18/2020 01:33:20 dl/User_input/prepro_result/bert_base_uncased/chemprotnew_test.json
09/18/2020 01:36:17 Task chemprotnew
09/18/2020 01:36:17 dl/User_input/prepro_result/bert_base_uncased/chemprotnew_test.json
09/18/2020 01:37:31 Task chemprotnew
09/18/2020 01:37:31 dl/User_input/prepro_result/bert_base_uncased/chemprotnew_test.json
09/18/2020 01:39:16 Task chemprotnew
09/18/2020 01:39:16 dl/User_input/prepro_result/bert_base_uncased/chemprotnew_test.json
09/18/2020 01:41:29 Task ddi
09/18/2020 01:41:29 dl/User_input/prepro_result/bert_base_uncased/ddi_test.json
09/18/2020 01:47:37 Task chemprotnew
09/18/2020 01:47:37 dl/User_input/prepro_result/bert_base_uncased/chemprotnew_test.json
09/18/2020 01:48:34 Task ddi
09/18/2020 01:48:34 dl/User_input/prepro_result/bert_base_uncased/ddi_test.json
09/18/2020 01:56:17 Task ddi
09/18/2020 01:56:17 dl/User_input/prepro_result/bert_base_uncased/ddi_test.json
09/18/2020 02:02:43 Task ddi
09/18/2020 02:02:43 dl/User_input/prepro_result/bert_base_uncased/ddi_test.json
09/18/2020 03:20:05 Task chemprotnew
09/18/2020 03:20:05 dl/User_input/prepro_result/bert_base_uncased/chemprotnew_test.json
09/18/2020 03:22:40 Task chemprotnew
09/18/2020 03:22:40 dl/User_input/prepro_result/bert_base_uncased/chemprotnew_test.json
09/18/2020 03:25:32 Task chemprotnew
09/18/2020 03:25:32 dl/User_input/prepro_result/bert_base_uncased/chemprotnew_test.json
09/18/2020 03:27:00 Task chemprotnew
09/18/2020 03:27:00 dl/User_input/prepro_result/bert_base_uncased/chemprotnew_test.json
09/18/2020 05:07:28 Task chemprotnew
09/18/2020 05:07:28 dl/User_input/prepro_result/bert_base_uncased/chemprotnew_test.json
09/18/2020 05:10:58 Task chemprotnew
09/18/2020 05:10:58 dl/User_input/prepro_result/bert_base_uncased/chemprotnew_test.json
09/18/2020 05:11:08 Task chemprotnew
09/18/2020 05:11:08 dl/User_input/prepro_result/bert_base_uncased/chemprotnew_test.json
09/18/2020 05:13:25 Task ddi
09/18/2020 05:13:25 dl/User_input/prepro_result/bert_base_uncased/ddi_test.json
09/18/2020 05:17:34 Task gad
09/18/2020 05:17:34 dl/User_input/prepro_result/bert_base_uncased/gad_test.json
09/18/2020 05:18:45 Task chemprotnew
09/18/2020 05:18:45 dl/User_input/prepro_result/bert_base_uncased/chemprotnew_test.json
